生成启动时间为 2016/4/30 9:19:47。
     1>项目“D:\php\php-sdk\phpdev\vc11\x86\php-5.6.20\ext\wing\embed_test\embed\embed.vcxproj”在节点 2 上(Build 个目标)。
     1>ClCompile:
         C:\Program Files (x86)\Microsoft Visual Studio 11.0\VC\bin\CL.exe /c /I"D:\php\php-sdk\phpdev\vc11\x86\php-5.6.20\TSRM" /I"D:\php\php-sdk\phpdev\vc11\x86\php-5.6.20\Zend" /I"D:\php\php-sdk\phpdev\vc11\x86\php-5.6.20" /Zi /nologo /W3 /WX- /sdl /O2 /Oi /Oy- /GL /D WIN32 /D NDEBUG /D _WINDOWS /D _MBCS /D ZEND_WIN32 /D ZEND_DEBUG=0 /D WIN32 /D NDEBUG /D _WINDOWS /D _USRDLL /D WING_EXPORTS /D COMPILE_DL_WING /D ZTS=1 /D ZEND_WIN32 /D PHP_WIN32 /D HAVE_WING=1 /D _MBCS /D HYCOMMONWINAPI_EXPORTS /D _XKEYCHECK_H /Gm- /EHsc /MD /GS /Gy /fp:precise /Zc:wchar_t /Zc:forScope /Yc"stdafx.h" /Fp"Release\embed.pch" /Fo"Release\\" /Fd"Release\vc110.pdb" /Gd /TP /analyze- /errorReport:prompt stdafx.cpp
         stdafx.cpp
         C:\Program Files (x86)\Microsoft Visual Studio 11.0\VC\bin\CL.exe /c /I"D:\php\php-sdk\phpdev\vc11\x86\php-5.6.20\TSRM" /I"D:\php\php-sdk\phpdev\vc11\x86\php-5.6.20\Zend" /I"D:\php\php-sdk\phpdev\vc11\x86\php-5.6.20" /Zi /nologo /W3 /WX- /sdl /O2 /Oi /Oy- /GL /D WIN32 /D NDEBUG /D _WINDOWS /D _MBCS /D ZEND_WIN32 /D ZEND_DEBUG=0 /D WIN32 /D NDEBUG /D _WINDOWS /D _USRDLL /D WING_EXPORTS /D COMPILE_DL_WING /D ZTS=1 /D ZEND_WIN32 /D PHP_WIN32 /D HAVE_WING=1 /D _MBCS /D HYCOMMONWINAPI_EXPORTS /D _XKEYCHECK_H /Gm- /EHsc /MD /GS /Gy /fp:precise /Zc:wchar_t /Zc:forScope /Yu"stdafx.h" /Fp"Release\embed.pch" /Fo"Release\\" /Fd"Release\vc110.pdb" /Gd /TP /analyze- /errorReport:prompt embed.cpp
         embed.cpp
     1>C:\Program Files (x86)\Microsoft Visual Studio 11.0\VC\include\stdio.h(615): warning C4273: “getwchar”: dll 链接不一致
                 C:\Program Files (x86)\Microsoft Visual Studio 11.0\VC\include\stdio.h(426) : 参见“getwchar”的前一个定义
     1>C:\Program Files (x86)\Microsoft Visual Studio 11.0\VC\include\stdio.h(617): warning C4273: “putwchar”: dll 链接不一致
                 C:\Program Files (x86)\Microsoft Visual Studio 11.0\VC\include\stdio.h(428) : 参见“putwchar”的前一个定义
     1>C:\Program Files (x86)\Microsoft Visual Studio 11.0\VC\include\wtime.inl(35): error C2664: “_wctime32”: 不能将参数 1 从“const time_t *”转换为“const __time32_t *”
                 与指向的类型无关；转换要求 reinterpret_cast、C 样式转换或函数样式转换
     1>C:\Program Files (x86)\Microsoft Visual Studio 11.0\VC\include\wtime.inl(41): error C2664: “errno_t _wctime32_s(wchar_t *,size_t,const __time32_t *)”: 不能将参数 3 从“const time_t *”转换为“const __time32_t *”
                 与指向的类型无关；转换要求 reinterpret_cast、C 样式转换或函数样式转换
     1>C:\Program Files (x86)\Microsoft Visual Studio 11.0\VC\include\sys/stat.inl(42): error C2466: 不能分配常量大小为 0 的数组
     1>C:\Program Files (x86)\Microsoft Visual Studio 11.0\VC\include\sys/stat.inl(47): error C2466: 不能分配常量大小为 0 的数组
     1>C:\Program Files (x86)\Microsoft Visual Studio 11.0\VC\include\sys/utime.inl(37): error C2466: 不能分配常量大小为 0 的数组
     1>C:\Program Files (x86)\Microsoft Visual Studio 11.0\VC\include\sys/utime.inl(42): error C2466: 不能分配常量大小为 0 的数组
     1>C:\Program Files (x86)\Microsoft Visual Studio 11.0\VC\include\sys/utime.inl(47): error C2466: 不能分配常量大小为 0 的数组
     1>C:\Program Files (x86)\Microsoft Visual Studio 11.0\VC\include\sys/utime.inl(76): error C2466: 不能分配常量大小为 0 的数组
     1>C:\Program Files (x86)\Microsoft Visual Studio 11.0\VC\include\time.inl(30): warning C4244: “参数”: 从“time_t”转换到“__time32_t”，可能丢失数据
     1>C:\Program Files (x86)\Microsoft Visual Studio 11.0\VC\include\time.inl(36): error C2664: “_ctime32”: 不能将参数 1 从“const time_t *”转换为“const __time32_t *”
                 与指向的类型无关；转换要求 reinterpret_cast、C 样式转换或函数样式转换
     1>C:\Program Files (x86)\Microsoft Visual Studio 11.0\VC\include\time.inl(42): error C2664: “errno_t _ctime32_s(char *,size_t,const __time32_t *)”: 不能将参数 3 从“const time_t *”转换为“const __time32_t *”
                 与指向的类型无关；转换要求 reinterpret_cast、C 样式转换或函数样式转换
     1>C:\Program Files (x86)\Microsoft Visual Studio 11.0\VC\include\time.inl(49): error C2664: “_gmtime32”: 不能将参数 1 从“const time_t *”转换为“const __time32_t *”
                 与指向的类型无关；转换要求 reinterpret_cast、C 样式转换或函数样式转换
     1>C:\Program Files (x86)\Microsoft Visual Studio 11.0\VC\include\time.inl(55): error C2664: “_gmtime32_s”: 不能将参数 2 从“const time_t *”转换为“const __time32_t *”
                 与指向的类型无关；转换要求 reinterpret_cast、C 样式转换或函数样式转换
     1>C:\Program Files (x86)\Microsoft Visual Studio 11.0\VC\include\time.inl(62): error C2664: “_localtime32”: 不能将参数 1 从“const time_t *”转换为“const __time32_t *”
                 与指向的类型无关；转换要求 reinterpret_cast、C 样式转换或函数样式转换
     1>C:\Program Files (x86)\Microsoft Visual Studio 11.0\VC\include\time.inl(67): error C2664: “_localtime32_s”: 不能将参数 2 从“const time_t *”转换为“const __time32_t *”
                 与指向的类型无关；转换要求 reinterpret_cast、C 样式转换或函数样式转换
     1>C:\Program Files (x86)\Microsoft Visual Studio 11.0\VC\include\time.inl(79): error C2664: “_time32”: 不能将参数 1 从“time_t *”转换为“__time32_t *”
                 与指向的类型无关；转换要求 reinterpret_cast、C 样式转换或函数样式转换
     1>已完成生成项目“D:\php\php-sdk\phpdev\vc11\x86\php-5.6.20\ext\wing\embed_test\embed\embed.vcxproj”(Build 个目标)的操作 - 失败。

生成失败。

已用时间 00:00:00.55
